# JRE version: OpenJDK Runtime Environment Temurin-21.0.10+7 (21.0.10+7) (build 21.0.10+7-LTS)
# Java VM: OpenJDK 64-Bit Server VM Temurin-21.0.10+7 (21.0.10+7-LTS, mixed mode, sharing, tiered, compressed oops, compressed class ptrs, parallel gc, windows-amd64)
GC Precious Log:
 CardTable entry size: 512
 CPUs: 4 total, 4 available
 Memory: 7997M
 Large Page Support: Disabled
 NUMA Support: Disabled
 Compressed Oops: Enabled (32-bit)
 Alignments: Space 512K, Generation 512K, Heap 2M
 Heap Min Capacity: 100M
 Heap Initial Capacity: 100M
 Heap Max Capacity: 2G
 Pre-touch: Disabled
 Parallel Workers: 4
Heap:
 PSYoungGen      total 21504K, used 4759K [0x00000000d5580000, 0x00000000d6c80000, 0x0000000100000000)
  eden space 20992K, 20% used [0x00000000d5580000,0x00000000d59c53a8,0x00000000d6a00000)
  from space 512K, 75% used [0x00000000d6c00000,0x00000000d6c60928,0x00000000d6c80000)
  to   space 1024K, 0% used [0x00000000d6a80000,0x00000000d6a80000,0x00000000d6b80000)
 ParOldGen       total 68608K, used 48086K [0x0000000080000000, 0x0000000084300000, 0x00000000d5580000)
  object space 68608K, 70% used [0x0000000080000000,0x0000000082ef5978,0x0000000084300000)
 Metaspace       used 52119K, committed 53376K, reserved 1114112K
  class space    used 5652K, committed 6208K, reserved 1048576K
GC Heap History (20 events):
Event: 90.185 GC heap before
{Heap before GC invocations=23 (full 2):
 PSYoungGen      total 22016K, used 21888K [0x00000000d5580000, 0x00000000d7380000, 0x0000000100000000)
  eden space 21504K, 100% used [0x00000000d5580000,0x00000000d6a80000,0x00000000d6a80000)
  from space 512K, 75% used [0x00000000d7300000,0x00000000d7360000,0x00000000d7380000)
  to   space 3072K, 0% used [0x00000000d6d80000,0x00000000d6d80000,0x00000000d7080000)
 ParOldGen       total 68608K, used 31585K [0x0000000080000000, 0x0000000084300000, 0x00000000d5580000)
  object space 68608K, 46% used [0x0000000080000000,0x0000000081ed8530,0x0000000084300000)
 Metaspace       used 48348K, committed 49600K, reserved 1114112K
  class space    used 5213K, committed 5760K, reserved 1048576K
}
Event: 90.192 GC heap after
{Heap after GC invocations=23 (full 2):
 PSYoungGen      total 24576K, used 2368K [0x00000000d5580000, 0x00000000d7380000, 0x0000000100000000)
  eden space 21504K, 0% used [0x00000000d5580000,0x00000000d5580000,0x00000000d6a80000)
  from space 3072K, 77% used [0x00000000d6d80000,0x00000000d6fd0040,0x00000000d7080000)
  to   space 3072K, 0% used [0x00000000d7080000,0x00000000d7080000,0x00000000d7380000)
 ParOldGen       total 68608K, used 31857K [0x0000000080000000, 0x0000000084300000, 0x00000000d5580000)
  object space 68608K, 46% used [0x0000000080000000,0x0000000081f1c530,0x0000000084300000)
 Metaspace       used 48348K, committed 49600K, reserved 1114112K
  class space    used 5213K, committed 5760K, reserved 1048576K
}
Event: 90.440 GC heap before
{Heap before GC invocations=24 (full 2):
 PSYoungGen      total 24576K, used 23872K [0x00000000d5580000, 0x00000000d7380000, 0x0000000100000000)
  eden space 21504K, 100% used [0x00000000d5580000,0x00000000d6a80000,0x00000000d6a80000)
  from space 3072K, 77% used [0x00000000d6d80000,0x00000000d6fd0040,0x00000000d7080000)
  to   space 3072K, 0% used [0x00000000d7080000,0x00000000d7080000,0x00000000d7380000)
 ParOldGen       total 68608K, used 31857K [0x0000000080000000, 0x0000000084300000, 0x00000000d5580000)
  object space 68608K, 46% used [0x0000000080000000,0x0000000081f1c530,0x0000000084300000)
 Metaspace       used 49154K, committed 50368K, reserved 1114112K
  class space    used 5324K, committed 5888K, reserved 1048576K
}
Event: 90.446 GC heap after
{Heap after GC invocations=24 (full 2):
 PSYoungGen      total 23552K, used 1600K [0x00000000d5580000, 0x00000000d7280000, 0x0000000100000000)
  eden space 21504K, 0% used [0x00000000d5580000,0x00000000d5580000,0x00000000d6a80000)
  from space 2048K, 78% used [0x00000000d7080000,0x00000000d7210010,0x00000000d7280000)
  to   space 2048K, 0% used [0x00000000d6e80000,0x00000000d6e80000,0x00000000d7080000)
 ParOldGen       total 68608K, used 34139K [0x0000000080000000, 0x0000000084300000, 0x00000000d5580000)
  object space 68608K, 49% used [0x0000000080000000,0x0000000082156ea0,0x0000000084300000)
 Metaspace       used 49154K, committed 50368K, reserved 1114112K
  class space    used 5324K, committed 5888K, reserved 1048576K
}
Event: 90.835 GC heap before
{Heap before GC invocations=25 (full 2):
 PSYoungGen      total 23552K, used 23104K [0x00000000d5580000, 0x00000000d7280000, 0x0000000100000000)
  eden space 21504K, 100% used [0x00000000d5580000,0x00000000d6a80000,0x00000000d6a80000)
  from space 2048K, 78% used [0x00000000d7080000,0x00000000d7210010,0x00000000d7280000)
  to   space 2048K, 0% used [0x00000000d6e80000,0x00000000d6e80000,0x00000000d7080000)
 ParOldGen       total 68608K, used 34139K [0x0000000080000000, 0x0000000084300000, 0x00000000d5580000)
  object space 68608K, 49% used [0x0000000080000000,0x0000000082156ea0,0x0000000084300000)
 Metaspace       used 49798K, committed 51008K, reserved 1114112K
  class space    used 5400K, committed 5952K, reserved 1048576K
}
Event: 90.843 GC heap after
{Heap after GC invocations=25 (full 2):
 PSYoungGen      total 23552K, used 2042K [0x00000000d5580000, 0x00000000d7280000, 0x0000000100000000)
  eden space 21504K, 0% used [0x00000000d5580000,0x00000000d5580000,0x00000000d6a80000)
  from space 2048K, 99% used [0x00000000d6e80000,0x00000000d707eb60,0x00000000d7080000)
  to   space 2048K, 0% used [0x00000000d7080000,0x00000000d7080000,0x00000000d7280000)
 ParOldGen       total 68608K, used 35712K [0x0000000080000000, 0x0000000084300000, 0x00000000d5580000)
  object space 68608K, 52% used [0x0000000080000000,0x00000000822e0140,0x0000000084300000)
 Metaspace       used 49798K, committed 51008K, reserved 1114112K
  class space    used 5400K, committed 5952K, reserved 1048576K
}
Event: 91.064 GC heap before
{Heap before GC invocations=26 (full 2):
 PSYoungGen      total 23552K, used 23546K [0x00000000d5580000, 0x00000000d7280000, 0x0000000100000000)
  eden space 21504K, 100% used [0x00000000d5580000,0x00000000d6a80000,0x00000000d6a80000)
  from space 2048K, 99% used [0x00000000d6e80000,0x00000000d707eb60,0x00000000d7080000)
  to   space 2048K, 0% used [0x00000000d7080000,0x00000000d7080000,0x00000000d7280000)
 ParOldGen       total 68608K, used 35712K [0x0000000080000000, 0x0000000084300000, 0x00000000d5580000)
  object space 68608K, 52% used [0x0000000080000000,0x00000000822e0140,0x0000000084300000)
 Metaspace       used 50148K, committed 51456K, reserved 1114112K
  class space    used 5447K, committed 6016K, reserved 1048576K
}
Event: 91.072 GC heap after
{Heap after GC invocations=26 (full 2):
 PSYoungGen      total 23552K, used 2016K [0x00000000d5580000, 0x00000000d7380000, 0x0000000100000000)
  eden space 21504K, 0% used [0x00000000d5580000,0x00000000d5580000,0x00000000d6a80000)
  from space 2048K, 98% used [0x00000000d7080000,0x00000000d7278030,0x00000000d7280000)
  to   space 4608K, 0% used [0x00000000d6a80000,0x00000000d6a80000,0x00000000d6f00000)
 ParOldGen       total 68608K, used 37937K [0x0000000080000000, 0x0000000084300000, 0x00000000d5580000)
  object space 68608K, 55% used [0x0000000080000000,0x000000008250c628,0x0000000084300000)
 Metaspace       used 50148K, committed 51456K, reserved 1114112K
  class space    used 5447K, committed 6016K, reserved 1048576K
}
Event: 91.244 GC heap before
{Heap before GC invocations=27 (full 2):
 PSYoungGen      total 23552K, used 23520K [0x00000000d5580000, 0x00000000d7380000, 0x0000000100000000)
  eden space 21504K, 100% used [0x00000000d5580000,0x00000000d6a80000,0x00000000d6a80000)
  from space 2048K, 98% used [0x00000000d7080000,0x00000000d7278030,0x00000000d7280000)
  to   space 4608K, 0% used [0x00000000d6a80000,0x00000000d6a80000,0x00000000d6f00000)
 ParOldGen       total 68608K, used 37937K [0x0000000080000000, 0x0000000084300000, 0x00000000d5580000)
  object space 68608K, 55% used [0x0000000080000000,0x000000008250c628,0x0000000084300000)
 Metaspace       used 50295K, committed 51584K, reserved 1114112K
  class space    used 5464K, committed 6016K, reserved 1048576K
}
Event: 91.251 GC heap after
{Heap after GC invocations=27 (full 2):
 PSYoungGen      total 23552K, used 1892K [0x00000000d5580000, 0x00000000d7100000, 0x0000000100000000)
  eden space 21504K, 0% used [0x00000000d5580000,0x00000000d5580000,0x00000000d6a80000)
  from space 2048K, 92% used [0x00000000d6a80000,0x00000000d6c59000,0x00000000d6c80000)
  to   space 3072K, 0% used [0x00000000d6e00000,0x00000000d6e00000,0x00000000d7100000)
 ParOldGen       total 68608K, used 39939K [0x0000000080000000, 0x0000000084300000, 0x00000000d5580000)
  object space 68608K, 58% used [0x0000000080000000,0x0000000082700ce8,0x0000000084300000)
 Metaspace       used 50295K, committed 51584K, reserved 1114112K
  class space    used 5464K, committed 6016K, reserved 1048576K
}
Event: 91.375 GC heap before
{Heap before GC invocations=28 (full 2):
 PSYoungGen      total 23552K, used 23396K [0x00000000d5580000, 0x00000000d7100000, 0x0000000100000000)
  eden space 21504K, 100% used [0x00000000d5580000,0x00000000d6a80000,0x00000000d6a80000)
  from space 2048K, 92% used [0x00000000d6a80000,0x00000000d6c59000,0x00000000d6c80000)
  to   space 3072K, 0% used [0x00000000d6e00000,0x00000000d6e00000,0x00000000d7100000)
 ParOldGen       total 68608K, used 39939K [0x0000000080000000, 0x0000000084300000, 0x00000000d5580000)
  object space 68608K, 58% used [0x0000000080000000,0x0000000082700ce8,0x0000000084300000)
 Metaspace       used 50555K, committed 51776K, reserved 1114112K
  class space    used 5508K, committed 6016K, reserved 1048576K
}
Event: 91.382 GC heap after
{Heap after GC invocations=28 (full 2):
 PSYoungGen      total 24064K, used 2172K [0x00000000d5580000, 0x00000000d7080000, 0x0000000100000000)
  eden space 21504K, 0% used [0x00000000d5580000,0x00000000d5580000,0x00000000d6a80000)
  from space 2560K, 84% used [0x00000000d6e00000,0x00000000d701f0a0,0x00000000d7080000)
  to   space 2560K, 0% used [0x00000000d6b80000,0x00000000d6b80000,0x00000000d6e00000)
 ParOldGen       total 68608K, used 41736K [0x0000000080000000, 0x0000000084300000, 0x00000000d5580000)
  object space 68608K, 60% used [0x0000000080000000,0x00000000828c2310,0x0000000084300000)
 Metaspace       used 50555K, committed 51776K, reserved 1114112K
  class space    used 5508K, committed 6016K, reserved 1048576K
}
Event: 91.668 GC heap before
{Heap before GC invocations=29 (full 2):
 PSYoungGen      total 24064K, used 23676K [0x00000000d5580000, 0x00000000d7080000, 0x0000000100000000)
  eden space 21504K, 100% used [0x00000000d5580000,0x00000000d6a80000,0x00000000d6a80000)
  from space 2560K, 84% used [0x00000000d6e00000,0x00000000d701f0a0,0x00000000d7080000)
  to   space 2560K, 0% used [0x00000000d6b80000,0x00000000d6b80000,0x00000000d6e00000)
 ParOldGen       total 68608K, used 41736K [0x0000000080000000, 0x0000000084300000, 0x00000000d5580000)
  object space 68608K, 60% used [0x0000000080000000,0x00000000828c2310,0x0000000084300000)
 Metaspace       used 50708K, committed 51968K, reserved 1114112K
  class space    used 5520K, committed 6080K, reserved 1048576K
}
Event: 91.680 GC heap after
{Heap after GC invocations=29 (full 2):
 PSYoungGen      total 23552K, used 1760K [0x00000000d5580000, 0x00000000d6e80000, 0x0000000100000000)
  eden space 21504K, 0% used [0x00000000d5580000,0x00000000d5580000,0x00000000d6a80000)
  from space 2048K, 85% used [0x00000000d6b80000,0x00000000d6d38000,0x00000000d6d80000)
  to   space 1024K, 0% used [0x00000000d6d80000,0x00000000d6d80000,0x00000000d6e80000)
 ParOldGen       total 68608K, used 43792K [0x0000000080000000, 0x0000000084300000, 0x00000000d5580000)
  object space 68608K, 63% used [0x0000000080000000,0x0000000082ac4340,0x0000000084300000)
 Metaspace       used 50708K, committed 51968K, reserved 1114112K
  class space    used 5520K, committed 6080K, reserved 1048576K
}
Event: 92.416 GC heap before
{Heap before GC invocations=30 (full 2):
 PSYoungGen      total 23552K, used 23264K [0x00000000d5580000, 0x00000000d6e80000, 0x0000000100000000)
  eden space 21504K, 100% used [0x00000000d5580000,0x00000000d6a80000,0x00000000d6a80000)
  from space 2048K, 85% used [0x00000000d6b80000,0x00000000d6d38000,0x00000000d6d80000)
  to   space 1024K, 0% used [0x00000000d6d80000,0x00000000d6d80000,0x00000000d6e80000)
 ParOldGen       total 68608K, used 43792K [0x0000000080000000, 0x0000000084300000, 0x00000000d5580000)
  object space 68608K, 63% used [0x0000000080000000,0x0000000082ac4340,0x0000000084300000)
 Metaspace       used 51054K, committed 52288K, reserved 1114112K
  class space    used 5558K, committed 6080K, reserved 1048576K
}
Event: 92.423 GC heap after
{Heap after GC invocations=30 (full 2):
 PSYoungGen      total 22016K, used 1024K [0x00000000d5580000, 0x00000000d7180000, 0x0000000100000000)
  eden space 20992K, 0% used [0x00000000d5580000,0x00000000d5580000,0x00000000d6a00000)
  from space 1024K, 100% used [0x00000000d6d80000,0x00000000d6e80000,0x00000000d6e80000)
  to   space 3584K, 0% used [0x00000000d6a00000,0x00000000d6a00000,0x00000000d6d80000)
 ParOldGen       total 68608K, used 46073K [0x0000000080000000, 0x0000000084300000, 0x00000000d5580000)
  object space 68608K, 67% used [0x0000000080000000,0x0000000082cfe550,0x0000000084300000)
 Metaspace       used 51054K, committed 52288K, reserved 1114112K
  class space    used 5558K, committed 6080K, reserved 1048576K
}
Event: 93.326 GC heap before
{Heap before GC invocations=31 (full 2):
 PSYoungGen      total 22016K, used 22016K [0x00000000d5580000, 0x00000000d7180000, 0x0000000100000000)
  eden space 20992K, 100% used [0x00000000d5580000,0x00000000d6a00000,0x00000000d6a00000)
  from space 1024K, 100% used [0x00000000d6d80000,0x00000000d6e80000,0x00000000d6e80000)
  to   space 3584K, 0% used [0x00000000d6a00000,0x00000000d6a00000,0x00000000d6d80000)
 ParOldGen       total 68608K, used 46073K [0x0000000080000000, 0x0000000084300000, 0x00000000d5580000)
  object space 68608K, 67% used [0x0000000080000000,0x0000000082cfe550,0x0000000084300000)
 Metaspace       used 52044K, committed 53376K, reserved 1114112K
  class space    used 5648K, committed 6208K, reserved 1048576K
}
Event: 93.330 GC heap after
{Heap after GC invocations=31 (full 2):
 PSYoungGen      total 22528K, used 1114K [0x00000000d5580000, 0x00000000d6e00000, 0x0000000100000000)
  eden space 20992K, 0% used [0x00000000d5580000,0x00000000d5580000,0x00000000d6a00000)
  from space 1536K, 72% used [0x00000000d6a00000,0x00000000d6b168f8,0x00000000d6b80000)
  to   space 2048K, 0% used [0x00000000d6c00000,0x00000000d6c00000,0x00000000d6e00000)
 ParOldGen       total 68608K, used 47103K [0x0000000080000000, 0x0000000084300000, 0x00000000d5580000)
  object space 68608K, 68% used [0x0000000080000000,0x0000000082dffea0,0x0000000084300000)
 Metaspace       used 52044K, committed 53376K, reserved 1114112K
  class space    used 5648K, committed 6208K, reserved 1048576K
}
Event: 93.830 GC heap before
{Heap before GC invocations=32 (full 2):
 PSYoungGen      total 22528K, used 22106K [0x00000000d5580000, 0x00000000d6e00000, 0x0000000100000000)
  eden space 20992K, 100% used [0x00000000d5580000,0x00000000d6a00000,0x00000000d6a00000)
  from space 1536K, 72% used [0x00000000d6a00000,0x00000000d6b168f8,0x00000000d6b80000)
  to   space 2048K, 0% used [0x00000000d6c00000,0x00000000d6c00000,0x00000000d6e00000)
 ParOldGen       total 68608K, used 47103K [0x0000000080000000, 0x0000000084300000, 0x00000000d5580000)
  object space 68608K, 68% used [0x0000000080000000,0x0000000082dffea0,0x0000000084300000)
 Metaspace       used 52119K, committed 53376K, reserved 1114112K
  class space    used 5652K, committed 6208K, reserved 1048576K
}
Event: 93.834 GC heap after
{Heap after GC invocations=32 (full 2):
 PSYoungGen      total 21504K, used 386K [0x00000000d5580000, 0x00000000d6c80000, 0x0000000100000000)
  eden space 20992K, 0% used [0x00000000d5580000,0x00000000d5580000,0x00000000d6a00000)
  from space 512K, 75% used [0x00000000d6c00000,0x00000000d6c60928,0x00000000d6c80000)
  to   space 1024K, 0% used [0x00000000d6a80000,0x00000000d6a80000,0x00000000d6b80000)
 ParOldGen       total 68608K, used 48086K [0x0000000080000000, 0x0000000084300000, 0x00000000d5580000)
  object space 68608K, 70% used [0x0000000080000000,0x0000000082ef5978,0x0000000084300000)
 Metaspace       used 52119K, committed 53376K, reserved 1114112K
  class space    used 5652K, committed 6208K, reserved 1048576K
}

