# JRE version: Java(TM) SE Runtime Environment (21.0.11+9) (build 21.0.11+9-LTS-211)
# Java VM: Java HotSpot(TM) 64-Bit Server VM (21.0.11+9-LTS-211, mixed mode, emulated-client, sharing, tiered, compressed oops, compressed class ptrs, g1 gc, windows-amd64)
GC Precious Log:
 CardTable entry size: 512
 Card Set container configuration: InlinePtr #cards 5 size 8 Array Of Cards #cards 12 size 40 Howl #buckets 4 coarsen threshold 1843 Howl Bitmap #cards 512 size 80 coarsen threshold 460 Card regions per heap region 1 cards per card region 2048
 CPUs: 4 total, 4 available
 Memory: 7997M
 Large Page Support: Disabled
 NUMA Support: Disabled
 Compressed Oops: Enabled (32-bit)
 Heap Region Size: 1M
 Heap Min Capacity: 8M
 Heap Initial Capacity: 126M
 Heap Max Capacity: 2000M
 Pre-touch: Disabled
 Parallel Workers: 4
 Concurrent Workers: 1
 Concurrent Refinement Workers: 4
 Periodic GC: Disabled
Heap:
 garbage-first heap   total 58368K, used 34621K [0x0000000083000000, 0x0000000100000000)
  region size 1024K, 5 young (5120K), 3 survivors (3072K)
 Metaspace       used 64297K, committed 65024K, reserved 1114112K
  class space    used 9230K, committed 9536K, reserved 1048576K
GC Heap History (20 events):
Event: 7.279 GC heap before
{Heap before GC invocations=7 (full 0):
 garbage-first heap   total 58368K, used 46962K [0x0000000083000000, 0x0000000100000000)
  region size 1024K, 30 young (30720K), 3 survivors (3072K)
 Metaspace       used 33331K, committed 33856K, reserved 1114112K
  class space    used 4636K, committed 4864K, reserved 1048576K
}
Event: 7.284 GC heap after
{Heap after GC invocations=8 (full 0):
 garbage-first heap   total 58368K, used 21997K [0x0000000083000000, 0x0000000100000000)
  region size 1024K, 2 young (2048K), 2 survivors (2048K)
 Metaspace       used 33331K, committed 33856K, reserved 1114112K
  class space    used 4636K, committed 4864K, reserved 1048576K
}
Event: 7.288 GC heap before
{Heap before GC invocations=8 (full 0):
 garbage-first heap   total 58368K, used 21997K [0x0000000083000000, 0x0000000100000000)
  region size 1024K, 3 young (3072K), 2 survivors (2048K)
 Metaspace       used 33355K, committed 33856K, reserved 1114112K
  class space    used 4639K, committed 4864K, reserved 1048576K
}
Event: 7.291 GC heap after
{Heap after GC invocations=9 (full 0):
 garbage-first heap   total 58368K, used 21897K [0x0000000083000000, 0x0000000100000000)
  region size 1024K, 2 young (2048K), 2 survivors (2048K)
 Metaspace       used 33355K, committed 33856K, reserved 1114112K
  class space    used 4639K, committed 4864K, reserved 1048576K
}
Event: 8.329 GC heap before
{Heap before GC invocations=10 (full 0):
 garbage-first heap   total 58368K, used 50569K [0x0000000083000000, 0x0000000100000000)
  region size 1024K, 30 young (30720K), 2 survivors (2048K)
 Metaspace       used 40671K, committed 41216K, reserved 1114112K
  class space    used 5681K, committed 5888K, reserved 1048576K
}
Event: 8.334 GC heap after
{Heap after GC invocations=11 (full 0):
 garbage-first heap   total 58368K, used 23819K [0x0000000083000000, 0x0000000100000000)
  region size 1024K, 4 young (4096K), 4 survivors (4096K)
 Metaspace       used 40671K, committed 41216K, reserved 1114112K
  class space    used 5681K, committed 5888K, reserved 1048576K
}
Event: 10.215 GC heap before
{Heap before GC invocations=11 (full 0):
 garbage-first heap   total 58368K, used 48395K [0x0000000083000000, 0x0000000100000000)
  region size 1024K, 29 young (29696K), 4 survivors (4096K)
 Metaspace       used 47782K, committed 48320K, reserved 1114112K
  class space    used 6736K, committed 6976K, reserved 1048576K
}
Event: 10.223 GC heap after
{Heap after GC invocations=12 (full 0):
 garbage-first heap   total 58368K, used 24544K [0x0000000083000000, 0x0000000100000000)
  region size 1024K, 4 young (4096K), 4 survivors (4096K)
 Metaspace       used 47782K, committed 48320K, reserved 1114112K
  class space    used 6736K, committed 6976K, reserved 1048576K
}
Event: 11.413 GC heap before
{Heap before GC invocations=12 (full 0):
 garbage-first heap   total 58368K, used 49120K [0x0000000083000000, 0x0000000100000000)
  region size 1024K, 28 young (28672K), 4 survivors (4096K)
 Metaspace       used 50319K, committed 50944K, reserved 1114112K
  class space    used 7150K, committed 7424K, reserved 1048576K
}
Event: 11.419 GC heap after
{Heap after GC invocations=13 (full 0):
 garbage-first heap   total 58368K, used 25508K [0x0000000083000000, 0x0000000100000000)
  region size 1024K, 2 young (2048K), 2 survivors (2048K)
 Metaspace       used 50319K, committed 50944K, reserved 1114112K
  class space    used 7150K, committed 7424K, reserved 1048576K
}
Event: 12.645 GC heap before
{Heap before GC invocations=13 (full 0):
 garbage-first heap   total 58368K, used 51108K [0x0000000083000000, 0x0000000100000000)
  region size 1024K, 28 young (28672K), 2 survivors (2048K)
 Metaspace       used 55795K, committed 56384K, reserved 1114112K
  class space    used 7916K, committed 8192K, reserved 1048576K
}
Event: 12.651 GC heap after
{Heap after GC invocations=14 (full 0):
 garbage-first heap   total 58368K, used 27639K [0x0000000083000000, 0x0000000100000000)
  region size 1024K, 4 young (4096K), 4 survivors (4096K)
 Metaspace       used 55795K, committed 56384K, reserved 1114112K
  class space    used 7916K, committed 8192K, reserved 1048576K
}
Event: 12.776 GC heap before
{Heap before GC invocations=14 (full 0):
 garbage-first heap   total 58368K, used 29687K [0x0000000083000000, 0x0000000100000000)
  region size 1024K, 7 young (7168K), 4 survivors (4096K)
 Metaspace       used 56318K, committed 56896K, reserved 1114112K
  class space    used 7977K, committed 8256K, reserved 1048576K
}
Event: 12.782 GC heap after
{Heap after GC invocations=15 (full 0):
 garbage-first heap   total 58368K, used 28081K [0x0000000083000000, 0x0000000100000000)
  region size 1024K, 1 young (1024K), 1 survivors (1024K)
 Metaspace       used 56318K, committed 56896K, reserved 1114112K
  class space    used 7977K, committed 8256K, reserved 1048576K
}
Event: 13.790 GC heap before
{Heap before GC invocations=16 (full 0):
 garbage-first heap   total 58368K, used 51633K [0x0000000083000000, 0x0000000100000000)
  region size 1024K, 25 young (25600K), 1 survivors (1024K)
 Metaspace       used 59524K, committed 60160K, reserved 1114112K
  class space    used 8522K, committed 8832K, reserved 1048576K
}
Event: 13.795 GC heap after
{Heap after GC invocations=17 (full 0):
 garbage-first heap   total 58368K, used 29993K [0x0000000083000000, 0x0000000100000000)
  region size 1024K, 3 young (3072K), 3 survivors (3072K)
 Metaspace       used 59524K, committed 60160K, reserved 1114112K
  class space    used 8522K, committed 8832K, reserved 1048576K
}
Event: 14.630 GC heap before
{Heap before GC invocations=17 (full 0):
 garbage-first heap   total 58368K, used 50473K [0x0000000083000000, 0x0000000100000000)
  region size 1024K, 23 young (23552K), 3 survivors (3072K)
 Metaspace       used 61258K, committed 61888K, reserved 1114112K
  class space    used 8765K, committed 9024K, reserved 1048576K
}
Event: 14.640 GC heap after
{Heap after GC invocations=18 (full 0):
 garbage-first heap   total 58368K, used 31307K [0x0000000083000000, 0x0000000100000000)
  region size 1024K, 2 young (2048K), 2 survivors (2048K)
 Metaspace       used 61258K, committed 61888K, reserved 1114112K
  class space    used 8765K, committed 9024K, reserved 1048576K
}
Event: 15.680 GC heap before
{Heap before GC invocations=18 (full 0):
 garbage-first heap   total 58368K, used 51787K [0x0000000083000000, 0x0000000100000000)
  region size 1024K, 22 young (22528K), 2 survivors (2048K)
 Metaspace       used 64166K, committed 64832K, reserved 1114112K
  class space    used 9206K, committed 9472K, reserved 1048576K
}
Event: 15.688 GC heap after
{Heap after GC invocations=19 (full 0):
 garbage-first heap   total 58368K, used 33597K [0x0000000083000000, 0x0000000100000000)
  region size 1024K, 3 young (3072K), 3 survivors (3072K)
 Metaspace       used 64166K, committed 64832K, reserved 1114112K
  class space    used 9206K, committed 9472K, reserved 1048576K
}

