# JRE version: Java(TM) SE Runtime Environment (21.0.11+9) (build 21.0.11+9-LTS-211)
# Java VM: Java HotSpot(TM) 64-Bit Server VM (21.0.11+9-LTS-211, mixed mode, sharing, tiered, compressed oops, compressed class ptrs, g1 gc, windows-amd64)
GC Precious Log:
 CardTable entry size: 512
 Card Set container configuration: InlinePtr #cards 5 size 8 Array Of Cards #cards 12 size 40 Howl #buckets 4 coarsen threshold 1843 Howl Bitmap #cards 512 size 80 coarsen threshold 460 Card regions per heap region 1 cards per card region 2048
 CPUs: 4 total, 4 available
 Memory: 7997M
 Large Page Support: Disabled
 NUMA Support: Disabled
 Compressed Oops: Enabled (32-bit)
 Heap Region Size: 1M
 Heap Min Capacity: 64M
 Heap Initial Capacity: 64M
 Heap Max Capacity: 256M
 Pre-touch: Disabled
 Parallel Workers: 4
 Concurrent Workers: 1
 Concurrent Refinement Workers: 4
 Periodic GC: Disabled
Heap:
 garbage-first heap   total 83968K, used 69403K [0x00000000f0000000, 0x0000000100000000)
  region size 1024K, 25 young (25600K), 4 survivors (4096K)
 Metaspace       used 56594K, committed 58752K, reserved 147456K
  class space    used 8129K, committed 9216K, reserved 81920K
GC Heap History (20 events):
Event: 17.812 GC heap before
{Heap before GC invocations=14 (full 0):
 garbage-first heap   total 65536K, used 56190K [0x00000000f0000000, 0x0000000100000000)
  region size 1024K, 28 young (28672K), 4 survivors (4096K)
 Metaspace       used 41273K, committed 42944K, reserved 147456K
  class space    used 5928K, committed 6720K, reserved 81920K
}
Event: 17.821 GC heap after
{Heap after GC invocations=15 (full 0):
 garbage-first heap   total 65536K, used 34251K [0x00000000f0000000, 0x0000000100000000)
  region size 1024K, 2 young (2048K), 2 survivors (2048K)
 Metaspace       used 41273K, committed 42944K, reserved 147456K
  class space    used 5928K, committed 6720K, reserved 81920K
}
Event: 20.022 GC heap before
{Heap before GC invocations=15 (full 0):
 garbage-first heap   total 65536K, used 58827K [0x00000000f0000000, 0x0000000100000000)
  region size 1024K, 26 young (26624K), 2 survivors (2048K)
 Metaspace       used 44120K, committed 45888K, reserved 147456K
  class space    used 6352K, committed 7232K, reserved 81920K
}
Event: 20.030 GC heap after
{Heap after GC invocations=16 (full 0):
 garbage-first heap   total 65536K, used 35143K [0x00000000f0000000, 0x0000000100000000)
  region size 1024K, 3 young (3072K), 3 survivors (3072K)
 Metaspace       used 44120K, committed 45888K, reserved 147456K
  class space    used 6352K, committed 7232K, reserved 81920K
}
Event: 21.956 GC heap before
{Heap before GC invocations=17 (full 0):
 garbage-first heap   total 65536K, used 57671K [0x00000000f0000000, 0x0000000100000000)
  region size 1024K, 25 young (25600K), 3 survivors (3072K)
 Metaspace       used 46554K, committed 48384K, reserved 147456K
  class space    used 6770K, committed 7680K, reserved 81920K
}
Event: 21.964 GC heap after
{Heap after GC invocations=18 (full 0):
 garbage-first heap   total 65536K, used 36303K [0x00000000f0000000, 0x0000000100000000)
  region size 1024K, 3 young (3072K), 3 survivors (3072K)
 Metaspace       used 46554K, committed 48384K, reserved 147456K
  class space    used 6770K, committed 7680K, reserved 81920K
}
Event: 24.043 GC heap before
{Heap before GC invocations=18 (full 0):
 garbage-first heap   total 65536K, used 56783K [0x00000000f0000000, 0x0000000100000000)
  region size 1024K, 23 young (23552K), 3 survivors (3072K)
 Metaspace       used 47751K, committed 49600K, reserved 147456K
  class space    used 6895K, committed 7808K, reserved 81920K
}
Event: 24.054 GC heap after
{Heap after GC invocations=19 (full 0):
 garbage-first heap   total 65536K, used 37283K [0x00000000f0000000, 0x0000000100000000)
  region size 1024K, 3 young (3072K), 3 survivors (3072K)
 Metaspace       used 47751K, committed 49600K, reserved 147456K
  class space    used 6895K, committed 7808K, reserved 81920K
}
Event: 25.322 GC heap before
{Heap before GC invocations=19 (full 0):
 garbage-first heap   total 65536K, used 57763K [0x00000000f0000000, 0x0000000100000000)
  region size 1024K, 23 young (23552K), 3 survivors (3072K)
 Metaspace       used 49991K, committed 51968K, reserved 147456K
  class space    used 7301K, committed 8256K, reserved 81920K
}
Event: 25.329 GC heap after
{Heap after GC invocations=20 (full 0):
 garbage-first heap   total 65536K, used 38238K [0x00000000f0000000, 0x0000000100000000)
  region size 1024K, 2 young (2048K), 2 survivors (2048K)
 Metaspace       used 49991K, committed 51968K, reserved 147456K
  class space    used 7301K, committed 8256K, reserved 81920K
}
Event: 26.909 GC heap before
{Heap before GC invocations=21 (full 0):
 garbage-first heap   total 66560K, used 58718K [0x00000000f0000000, 0x0000000100000000)
  region size 1024K, 22 young (22528K), 2 survivors (2048K)
 Metaspace       used 51610K, committed 53632K, reserved 147456K
  class space    used 7562K, committed 8576K, reserved 81920K
}
Event: 26.918 GC heap after
{Heap after GC invocations=22 (full 0):
 garbage-first heap   total 66560K, used 41175K [0x00000000f0000000, 0x0000000100000000)
  region size 1024K, 3 young (3072K), 3 survivors (3072K)
 Metaspace       used 51610K, committed 53632K, reserved 147456K
  class space    used 7562K, committed 8576K, reserved 81920K
}
Event: 27.923 GC heap before
{Heap before GC invocations=22 (full 0):
 garbage-first heap   total 66560K, used 58583K [0x00000000f0000000, 0x0000000100000000)
  region size 1024K, 20 young (20480K), 3 survivors (3072K)
 Metaspace       used 52711K, committed 54784K, reserved 147456K
  class space    used 7732K, committed 8768K, reserved 81920K
}
Event: 27.931 GC heap after
{Heap after GC invocations=23 (full 0):
 garbage-first heap   total 66560K, used 43463K [0x00000000f0000000, 0x0000000100000000)
  region size 1024K, 3 young (3072K), 3 survivors (3072K)
 Metaspace       used 52711K, committed 54784K, reserved 147456K
  class space    used 7732K, committed 8768K, reserved 81920K
}
Event: 30.798 GC heap before
{Heap before GC invocations=23 (full 0):
 garbage-first heap   total 66560K, used 56775K [0x00000000f0000000, 0x0000000100000000)
  region size 1024K, 17 young (17408K), 3 survivors (3072K)
 Metaspace       used 54239K, committed 56320K, reserved 147456K
  class space    used 7965K, committed 9024K, reserved 81920K
}
Event: 30.806 GC heap after
{Heap after GC invocations=24 (full 0):
 garbage-first heap   total 66560K, used 44711K [0x00000000f0000000, 0x0000000100000000)
  region size 1024K, 2 young (2048K), 2 survivors (2048K)
 Metaspace       used 54239K, committed 56320K, reserved 147456K
  class space    used 7965K, committed 9024K, reserved 81920K
}
Event: 31.423 GC heap before
{Heap before GC invocations=25 (full 0):
 garbage-first heap   total 83968K, used 56999K [0x00000000f0000000, 0x0000000100000000)
  region size 1024K, 15 young (15360K), 2 survivors (2048K)
 Metaspace       used 55413K, committed 57536K, reserved 147456K
  class space    used 8071K, committed 9152K, reserved 81920K
}
Event: 31.429 GC heap after
{Heap after GC invocations=26 (full 0):
 garbage-first heap   total 83968K, used 46038K [0x00000000f0000000, 0x0000000100000000)
  region size 1024K, 2 young (2048K), 2 survivors (2048K)
 Metaspace       used 55413K, committed 57536K, reserved 147456K
  class space    used 8071K, committed 9152K, reserved 81920K
}
Event: 33.496 GC heap before
{Heap before GC invocations=26 (full 0):
 garbage-first heap   total 83968K, used 75734K [0x00000000f0000000, 0x0000000100000000)
  region size 1024K, 31 young (31744K), 2 survivors (2048K)
 Metaspace       used 56219K, committed 58368K, reserved 147456K
  class space    used 8110K, committed 9152K, reserved 81920K
}
Event: 33.505 GC heap after
{Heap after GC invocations=27 (full 0):
 garbage-first heap   total 83968K, used 48923K [0x00000000f0000000, 0x0000000100000000)
  region size 1024K, 4 young (4096K), 4 survivors (4096K)
 Metaspace       used 56219K, committed 58368K, reserved 147456K
  class space    used 8110K, committed 9152K, reserved 81920K
}

