# JRE version: Java(TM) SE Runtime Environment (21.0.11+9) (build 21.0.11+9-LTS-211)
# Java VM: Java HotSpot(TM) 64-Bit Server VM (21.0.11+9-LTS-211, mixed mode, sharing, tiered, compressed oops, compressed class ptrs, g1 gc, windows-amd64)
GC Precious Log:
 CardTable entry size: 512
 Card Set container configuration: InlinePtr #cards 5 size 8 Array Of Cards #cards 12 size 40 Howl #buckets 4 coarsen threshold 1843 Howl Bitmap #cards 512 size 80 coarsen threshold 460 Card regions per heap region 1 cards per card region 2048
 CPUs: 4 total, 4 available
 Memory: 7997M
 Large Page Support: Disabled
 NUMA Support: Disabled
 Compressed Oops: Enabled (32-bit)
 Heap Region Size: 1M
 Heap Min Capacity: 256M
 Heap Initial Capacity: 256M
 Heap Max Capacity: 512M
 Pre-touch: Disabled
 Parallel Workers: 4
 Concurrent Workers: 1
 Concurrent Refinement Workers: 4
 Periodic GC: Disabled
Heap:
 garbage-first heap   total 262144K, used 31121K [0x00000000e0000000, 0x0000000100000000)
  region size 1024K, 10 young (10240K), 9 survivors (9216K)
 Metaspace       used 35372K, committed 36736K, reserved 393216K
  class space    used 4930K, committed 5632K, reserved 327680K
GC Heap History (16 events):
Event: 0.528 GC heap before
{Heap before GC invocations=0 (full 0):
 garbage-first heap   total 262144K, used 12288K [0x00000000e0000000, 0x0000000100000000)
  region size 1024K, 13 young (13312K), 0 survivors (0K)
 Metaspace       used 1204K, committed 1408K, reserved 393216K
  class space    used 103K, committed 192K, reserved 327680K
}
Event: 0.531 GC heap after
{Heap after GC invocations=1 (full 0):
 garbage-first heap   total 262144K, used 2986K [0x00000000e0000000, 0x0000000100000000)
  region size 1024K, 2 young (2048K), 2 survivors (2048K)
 Metaspace       used 1204K, committed 1408K, reserved 393216K
  class space    used 103K, committed 192K, reserved 327680K
}
Event: 1.407 GC heap before
{Heap before GC invocations=1 (full 0):
 garbage-first heap   total 262144K, used 27562K [0x00000000e0000000, 0x0000000100000000)
  region size 1024K, 22 young (22528K), 2 survivors (2048K)
 Metaspace       used 4546K, committed 4800K, reserved 393216K
  class space    used 572K, committed 704K, reserved 327680K
}
Event: 1.413 GC heap after
{Heap after GC invocations=2 (full 0):
 garbage-first heap   total 262144K, used 11711K [0x00000000e0000000, 0x0000000100000000)
  region size 1024K, 3 young (3072K), 3 survivors (3072K)
 Metaspace       used 4546K, committed 4800K, reserved 393216K
  class space    used 572K, committed 704K, reserved 327680K
}
Event: 2.124 GC heap before
{Heap before GC invocations=2 (full 0):
 garbage-first heap   total 262144K, used 36287K [0x00000000e0000000, 0x0000000100000000)
  region size 1024K, 26 young (26624K), 3 survivors (3072K)
 Metaspace       used 4678K, committed 4928K, reserved 393216K
  class space    used 574K, committed 704K, reserved 327680K
}
Event: 2.129 GC heap after
{Heap after GC invocations=3 (full 0):
 garbage-first heap   total 262144K, used 16495K [0x00000000e0000000, 0x0000000100000000)
  region size 1024K, 4 young (4096K), 4 survivors (4096K)
 Metaspace       used 4678K, committed 4928K, reserved 393216K
  class space    used 574K, committed 704K, reserved 327680K
}
Event: 5.243 GC heap before
{Heap before GC invocations=3 (full 0):
 garbage-first heap   total 262144K, used 89199K [0x00000000e0000000, 0x0000000100000000)
  region size 1024K, 76 young (77824K), 4 survivors (4096K)
 Metaspace       used 17574K, committed 18112K, reserved 393216K
  class space    used 2367K, committed 2624K, reserved 327680K
}
Event: 5.255 GC heap after
{Heap after GC invocations=4 (full 0):
 garbage-first heap   total 262144K, used 21971K [0x00000000e0000000, 0x0000000100000000)
  region size 1024K, 9 young (9216K), 9 survivors (9216K)
 Metaspace       used 17574K, committed 18112K, reserved 393216K
  class space    used 2367K, committed 2624K, reserved 327680K
}
Event: 6.177 GC heap before
{Heap before GC invocations=4 (full 0):
 garbage-first heap   total 262144K, used 43475K [0x00000000e0000000, 0x0000000100000000)
  region size 1024K, 29 young (29696K), 9 survivors (9216K)
 Metaspace       used 20873K, committed 21504K, reserved 393216K
  class space    used 2778K, committed 3072K, reserved 327680K
}
Event: 6.186 GC heap after
{Heap after GC invocations=5 (full 0):
 garbage-first heap   total 262144K, used 23878K [0x00000000e0000000, 0x0000000100000000)
  region size 1024K, 11 young (11264K), 11 survivors (11264K)
 Metaspace       used 20873K, committed 21504K, reserved 393216K
  class space    used 2778K, committed 3072K, reserved 327680K
}
Event: 8.858 GC heap before
{Heap before GC invocations=6 (full 0):
 garbage-first heap   total 262144K, used 126278K [0x00000000e0000000, 0x0000000100000000)
  region size 1024K, 113 young (115712K), 11 survivors (11264K)
 Metaspace       used 34614K, committed 35968K, reserved 393216K
  class space    used 4820K, committed 5504K, reserved 327680K
}
Event: 8.875 GC heap after
{Heap after GC invocations=7 (full 0):
 garbage-first heap   total 262144K, used 30126K [0x00000000e0000000, 0x0000000100000000)
  region size 1024K, 17 young (17408K), 17 survivors (17408K)
 Metaspace       used 34614K, committed 35968K, reserved 393216K
  class space    used 4820K, committed 5504K, reserved 327680K
}
Event: 8.932 GC heap before
{Heap before GC invocations=7 (full 0):
 garbage-first heap   total 262144K, used 31150K [0x00000000e0000000, 0x0000000100000000)
  region size 1024K, 19 young (19456K), 17 survivors (17408K)
 Metaspace       used 34886K, committed 36288K, reserved 393216K
  class space    used 4859K, committed 5568K, reserved 327680K
}
Event: 8.945 GC heap after
{Heap after GC invocations=8 (full 0):
 garbage-first heap   total 262144K, used 30724K [0x00000000e0000000, 0x0000000100000000)
  region size 1024K, 9 young (9216K), 9 survivors (9216K)
 Metaspace       used 34886K, committed 36288K, reserved 393216K
  class space    used 4859K, committed 5568K, reserved 327680K
}
Event: 9.032 GC heap before
{Heap before GC invocations=8 (full 0):
 garbage-first heap   total 262144K, used 32772K [0x00000000e0000000, 0x0000000100000000)
  region size 1024K, 12 young (12288K), 9 survivors (9216K)
 Metaspace       used 35249K, committed 36608K, reserved 393216K
  class space    used 4914K, committed 5632K, reserved 327680K
}
Event: 9.039 GC heap after
{Heap after GC invocations=9 (full 0):
 garbage-first heap   total 262144K, used 31121K [0x00000000e0000000, 0x0000000100000000)
  region size 1024K, 9 young (9216K), 9 survivors (9216K)
 Metaspace       used 35249K, committed 36608K, reserved 393216K
  class space    used 4914K, committed 5632K, reserved 327680K
}

